Using pre-set license
Built from '2021.3/staging' branch; Version is '2021.3.11f1 (0a5ca18544bf) revision 679073'; Using compiler version '192829333'; Build Type 'Release'
OS: 'Windows 11  (10.0.22621) 64bit Professional' Language: 'hu' Physical Memory: 16288 MB
BatchMode: 1, IsHumanControllingUs: 0, StartBugReporterOnCrash: 0, Is64bit: 1, IsPro: 1

COMMAND LINE ARGUMENTS:
D:\APPS\Programing\Unity\Editor\2021.3.11f1\Editor\Unity.exe
-adb2
-batchMode
-noUpm
-name
AssetImportWorker2
-projectPath
D:/FILES/Projektek/StackinGame3D/Stacking3D
-logFile
Logs/AssetImportWorker2.log
-srvPort
57046
Successfully changed project path to: D:/FILES/Projektek/StackinGame3D/Stacking3D
D:/FILES/Projektek/StackinGame3D/Stacking3D
[UnityMemory] Configuration Parameters - Can be set up in boot.config
    "memorysetup-bucket-allocator-granularity=16"
    "memorysetup-bucket-allocator-bucket-count=8"
    "memorysetup-bucket-allocator-block-size=33554432"
    "memorysetup-bucket-allocator-block-count=8"
    "memorysetup-main-allocator-block-size=16777216"
    "memorysetup-thread-allocator-block-size=16777216"
    "memorysetup-gfx-main-allocator-block-size=16777216"
    "memorysetup-gfx-thread-allocator-block-size=16777216"
    "memorysetup-cache-allocator-block-size=4194304"
    "memorysetup-typetree-allocator-block-size=2097152"
    "memorysetup-profiler-bucket-allocator-granularity=16"
    "memorysetup-profiler-bucket-allocator-bucket-count=8"
    "memorysetup-profiler-bucket-allocator-block-size=33554432"
    "memorysetup-profiler-bucket-allocator-block-count=8"
    "memorysetup-profiler-allocator-block-size=16777216"
    "memorysetup-profiler-editor-allocator-block-size=1048576"
    "memorysetup-temp-allocator-size-main=16777216"
    "memorysetup-job-temp-allocator-block-size=2097152"
    "memorysetup-job-temp-allocator-block-size-background=1048576"
    "memorysetup-job-temp-allocator-reduction-small-platforms=262144"
    "memorysetup-temp-allocator-size-background-worker=32768"
    "memorysetup-temp-allocator-size-job-worker=262144"
    "memorysetup-temp-allocator-size-preload-manager=33554432"
    "memorysetup-temp-allocator-size-nav-mesh-worker=65536"
    "memorysetup-temp-allocator-size-audio-worker=65536"
    "memorysetup-temp-allocator-size-cloud-worker=32768"
    "memorysetup-temp-allocator-size-gi-baking-worker=262144"
    "memorysetup-temp-allocator-size-gfx=262144"
Refreshing native plugins compatible for Editor in 61.10 ms, found 3 plugins.
Preloading 0 native plugins for Editor in 0.00 ms.
Initialize engine version: 2021.3.11f1 (0a5ca18544bf)
[Subsystems] Discovering subsystems at path D:/APPS/Programing/Unity/Editor/2021.3.11f1/Editor/Data/Resources/UnitySubsystems
[Subsystems] Discovering subsystems at path D:/FILES/Projektek/StackinGame3D/Stacking3D/Assets
GfxDevice: creating device client; threaded=0; jobified=0
Direct3D:
    Version:  Direct3D 11.0 [level 11.1]
    Renderer: NVIDIA GeForce RTX 3060 (ID=0x2504)
    Vendor:   NVIDIA
    VRAM:     12129 MB
    Driver:   31.0.15.3129
Initialize mono
Mono path[0] = 'D:/APPS/Programing/Unity/Editor/2021.3.11f1/Editor/Data/Managed'
Mono path[1] = 'D:/APPS/Programing/Unity/Editor/2021.3.11f1/Editor/Data/MonoBleedingEdge/lib/mono/unityjit-win32'
Mono config path = 'D:/APPS/Programing/Unity/Editor/2021.3.11f1/Editor/Data/MonoBleedingEdge/etc'
Using monoOptions --debugger-agent=transport=dt_socket,embedding=1,server=y,suspend=n,address=127.0.0.1:56272
Begin MonoManager ReloadAssembly
Registering precompiled unity dll's ...
Register platform support module: D:/APPS/Programing/Unity/Editor/2021.3.11f1/Editor/Data/PlaybackEngines/WindowsStandaloneSupport/UnityEditor.WindowsStandalone.Extensions.dll
Registered in 0.001657 seconds.
Native extension for WindowsStandalone target not found
Refreshing native plugins compatible for Editor in 58.82 ms, found 3 plugins.
Preloading 0 native plugins for Editor in 0.00 ms.
Mono: successfully reloaded assembly
- Completed reload, in  0.433 seconds
Domain Reload Profiling:
	ReloadAssembly (433ms)
		BeginReloadAssembly (49ms)
			ExecutionOrderSort (0ms)
			DisableScriptedObjects (0ms)
			BackupInstance (0ms)
			ReleaseScriptingObjects (0ms)
			CreateAndSetChildDomain (0ms)
		EndReloadAssembly (317ms)
			LoadAssemblies (49ms)
			RebuildTransferFunctionScriptingTraits (0ms)
			SetupTypeCache (66ms)
			ReleaseScriptCaches (0ms)
			RebuildScriptCaches (19ms)
			SetupLoadedEditorAssemblies (198ms)
				LogAssemblyErrors (0ms)
				InitializePlatformSupportModulesInManaged (4ms)
				SetLoadedEditorAssemblies (0ms)
				RefreshPlugins (59ms)
				BeforeProcessingInitializeOnLoad (1ms)
				ProcessInitializeOnLoadAttributes (99ms)
				ProcessInitializeOnLoadMethodAttributes (34ms)
				AfterProcessingInitializeOnLoad (0ms)
				EditorAssembliesLoaded (0ms)
			ExecutionOrderSort2 (0ms)
			AwakeInstancesAfterBackupRestoration (0ms)
Platform modules already initialized, skipping
Registering precompiled user dll's ...
Registered in 0.002557 seconds.
Begin MonoManager ReloadAssembly
Symbol file LoadedFromMemory doesn't match image D:\FILES\Projektek\StackinGame3D\Stacking3D\Library\PackageCache\com.unity.visualscripting@1.7.8\Editor\VisualScripting.Core\Dependencies\YamlDotNet\Unity.VisualScripting.YamlDotNet.dll
Symbol file LoadedFromMemory doesn't match image D:\FILES\Projektek\StackinGame3D\Stacking3D\Library\PackageCache\com.unity.visualscripting@1.7.8\Editor\VisualScripting.Core\Dependencies\DotNetZip\Unity.VisualScripting.IonicZip.dll
Native extension for WindowsStandalone target not found
Refreshing native plugins compatible for Editor in 0.67 ms, found 3 plugins.
Preloading 0 native plugins for Editor in 0.00 ms.
Mono: successfully reloaded assembly
Package Manager log level set to [2]
- Completed reload, in  0.667 seconds
Domain Reload Profiling:
	ReloadAssembly (668ms)
		BeginReloadAssembly (77ms)
			ExecutionOrderSort (0ms)
			DisableScriptedObjects (4ms)
			BackupInstance (0ms)
			ReleaseScriptingObjects (0ms)
			CreateAndSetChildDomain (15ms)
		EndReloadAssembly (516ms)
			LoadAssemblies (55ms)
			RebuildTransferFunctionScriptingTraits (0ms)
			SetupTypeCache (145ms)
			ReleaseScriptCaches (0ms)
			RebuildScriptCaches (33ms)
			SetupLoadedEditorAssemblies (254ms)
				LogAssemblyErrors (0ms)
				InitializePlatformSupportModulesInManaged (3ms)
				SetLoadedEditorAssemblies (0ms)
				RefreshPlugins (1ms)
				BeforeProcessingInitializeOnLoad (59ms)
				ProcessInitializeOnLoadAttributes (167ms)
				ProcessInitializeOnLoadMethodAttributes (21ms)
				AfterProcessingInitializeOnLoad (2ms)
				EditorAssembliesLoaded (0ms)
			ExecutionOrderSort2 (0ms)
			AwakeInstancesAfterBackupRestoration (4ms)
Platform modules already initialized, skipping
========================================================================
Worker process is ready to serve import requests
Launched and connected shader compiler UnityShaderCompiler.exe after 0.03 seconds
Refreshing native plugins compatible for Editor in 0.74 ms, found 3 plugins.
Preloading 0 native plugins for Editor in 0.00 ms.
Unloading 3535 Unused Serialized files (Serialized files now loaded: 0)
Unloading 41 unused Assets / (88.0 KB). Loaded Objects now: 3978.
Memory consumption went from 120.2 MB to 120.2 MB.
Total: 2.675600 ms (FindLiveObjects: 0.206500 ms CreateObjectMapping: 0.131700 ms MarkObjects: 2.266600 ms  DeleteObjects: 0.070100 ms)

AssetImportParameters requested are different than current active one (requested -> active):
  custom:video-decoder-ogg-theora: a1e56fd34408186e4bbccfd4996cb3dc -> 
  custom:container-muxer-webm: aa71ff27fc2769a1b78a27578f13a17b -> 
  custom:container-demuxer-webm: 4f35f7cbe854078d1ac9338744f61a02 -> 
  custom:video-encoder-webm-vp8: eb34c28f22e8b96e1ab97ce403110664 -> 
  custom:video-codec-MediaFoundation-h265: 746d11721c4dcdbdad8f713fa42b33f4 -> 
  custom:audio-encoder-webm-vorbis: bf7c407c2cedff20999df2af8eb42d56 -> 
  custom:framework-win-MediaFoundation: 216162199b28c13a410421893ffa2e32 -> 
  custom:container-demuxer-ogg: 62fdf1f143b41e24485cea50d1cbac27 -> 
  custom:video-decoder-webm-vp8: 9c59270c3fd7afecdb556c50c9e8de78 -> 
  custom:audio-decoder-ogg-vorbis: bf7c407c2cedff20999df2af8eb42d56 -> 
========================================================================
Received Import Request.
  Time since last request: 314044.109514 seconds.
  path: Assets/_MK/MKToon/ReadMe.pdf
  artifactKey: Guid(ad1cc8c198011f44f9827e2f9dfc2f82) Importer(815301076,1909f56bfc062723c751e8b465ee728b)
Start importing Assets/_MK/MKToon/ReadMe.pdf using Guid(ad1cc8c198011f44f9827e2f9dfc2f82) Importer(815301076,1909f56bfc062723c751e8b465ee728b)  -> (artifact id: '9d9548b971e3b7862fedf65abdc6409e') in 0.030168 seconds 
========================================================================
Received Import Request.
  Time since last request: 0.292178 seconds.
  path: Assets/_MK/MKToon/ShadersBuiltIn.unitypackage
  artifactKey: Guid(feb819dbe0310c5489ab8aa2b2243132) Importer(815301076,1909f56bfc062723c751e8b465ee728b)
Start importing Assets/_MK/MKToon/ShadersBuiltIn.unitypackage using Guid(feb819dbe0310c5489ab8aa2b2243132) Importer(815301076,1909f56bfc062723c751e8b465ee728b)  -> (artifact id: 'fa65907270f7623221dc0cf674dc672d') in 0.021171 seconds 
========================================================================
Received Import Request.
  Time since last request: 0.868864 seconds.
  path: Assets/_MK/MKToon/ShadersURP.unitypackage
  artifactKey: Guid(32efef04d3330df48bae4271babcc45b) Importer(815301076,1909f56bfc062723c751e8b465ee728b)
Start importing Assets/_MK/MKToon/ShadersURP.unitypackage using Guid(32efef04d3330df48bae4271babcc45b) Importer(815301076,1909f56bfc062723c751e8b465ee728b)  -> (artifact id: '1891f06638f4a93d4fe67829a5a2e16a') in 0.005662 seconds 
========================================================================
Received Import Request.
  Time since last request: 2.831224 seconds.
  path: Assets/_MK/MKToon/ExamplesURP.unitypackage
  artifactKey: Guid(a258dff0e58b3a147b1f5e9f6a4ee278) Importer(815301076,1909f56bfc062723c751e8b465ee728b)
Start importing Assets/_MK/MKToon/ExamplesURP.unitypackage using Guid(a258dff0e58b3a147b1f5e9f6a4ee278) Importer(815301076,1909f56bfc062723c751e8b465ee728b)  -> (artifact id: '4ca176c83e09207a8075abed05ad2989') in 0.005618 seconds 
========================================================================
Received Import Request.
  Time since last request: 0.344296 seconds.
  path: Assets/_MK/MKToon/ExamplesInc.unitypackage
  artifactKey: Guid(783dfb7493ba3be4ba9a65c626ec2b00) Importer(815301076,1909f56bfc062723c751e8b465ee728b)
Start importing Assets/_MK/MKToon/ExamplesInc.unitypackage using Guid(783dfb7493ba3be4ba9a65c626ec2b00) Importer(815301076,1909f56bfc062723c751e8b465ee728b)  -> (artifact id: 'acf06b859a8873712f5bd5f96f99df52') in 0.005573 seconds 
========================================================================
Received Import Request.
  Time since last request: 0.288457 seconds.
  path: Assets/_MK/MKToon/ExamplesBuiltin.unitypackage
  artifactKey: Guid(bda7aefb5fedd2d49be1274e3cb409e7) Importer(815301076,1909f56bfc062723c751e8b465ee728b)
Start importing Assets/_MK/MKToon/ExamplesBuiltin.unitypackage using Guid(bda7aefb5fedd2d49be1274e3cb409e7) Importer(815301076,1909f56bfc062723c751e8b465ee728b)  -> (artifact id: '628fe29b107694dc85b62fd9d19c4e6d') in 0.005577 seconds 
========================================================================
Received Import Request.
  Time since last request: 0.835764 seconds.
  path: Assets/_MK/MKToon/Scripts
  artifactKey: Guid(f00057b856fac3d4faf8bf6593ee6795) Importer(815301076,1909f56bfc062723c751e8b465ee728b)
Start importing Assets/_MK/MKToon/Scripts using Guid(f00057b856fac3d4faf8bf6593ee6795) Importer(815301076,1909f56bfc062723c751e8b465ee728b)  -> (artifact id: '1441bb8c01bb642fe2a62f6b950f749f') in 0.004957 seconds 
========================================================================
Received Import Request.
  Time since last request: 0.434796 seconds.
  path: Assets/_MK/MKToon/Editor
  artifactKey: Guid(fac25ad7b3a704a4a81526eaba5977ab) Importer(815301076,1909f56bfc062723c751e8b465ee728b)
Start importing Assets/_MK/MKToon/Editor using Guid(fac25ad7b3a704a4a81526eaba5977ab) Importer(815301076,1909f56bfc062723c751e8b465ee728b)  -> (artifact id: 'e94ab3f028ade08a499695a1f1f6d724') in 0.004930 seconds 
========================================================================
Received Import Request.
  Time since last request: 0.379933 seconds.
  path: Assets/_MK/MKToon/Builtin
  artifactKey: Guid(4387aad29c3bea34d9a2ec257eaf9108) Importer(815301076,1909f56bfc062723c751e8b465ee728b)
Start importing Assets/_MK/MKToon/Builtin using Guid(4387aad29c3bea34d9a2ec257eaf9108) Importer(815301076,1909f56bfc062723c751e8b465ee728b)  -> (artifact id: 'a4370295bd26cddcaf1f2f85b8f64d42') in 0.005067 seconds 
========================================================================
Received Import Request.
  Time since last request: 108.848079 seconds.
  path: Assets/Adaptive Performance
  artifactKey: Guid(2ff847d91174ddb4a902f9b22dc76e36) Importer(815301076,1909f56bfc062723c751e8b465ee728b)
Start importing Assets/Adaptive Performance using Guid(2ff847d91174ddb4a902f9b22dc76e36) Importer(815301076,1909f56bfc062723c751e8b465ee728b)  -> (artifact id: '752e481db7714a46b09f1f39e61f6697') in 0.005978 seconds 
========================================================================
Received Import Request.
  Time since last request: 3.001594 seconds.
  path: Assets/_MK
  artifactKey: Guid(5c82f9dc2925a014ca939dbaaf1f49c9) Importer(815301076,1909f56bfc062723c751e8b465ee728b)
Start importing Assets/_MK using Guid(5c82f9dc2925a014ca939dbaaf1f49c9) Importer(815301076,1909f56bfc062723c751e8b465ee728b)  -> (artifact id: '5c075d8805fdd1902069d4244b2e3037') in 0.005111 seconds 
========================================================================
Received Import Request.
  Time since last request: 6.126201 seconds.
  path: Assets/_MK/MKTextureChannelPacker
  artifactKey: Guid(7d30118c77a667341820c6b15c641044) Importer(815301076,1909f56bfc062723c751e8b465ee728b)
Start importing Assets/_MK/MKTextureChannelPacker using Guid(7d30118c77a667341820c6b15c641044) Importer(815301076,1909f56bfc062723c751e8b465ee728b)  -> (artifact id: '4aff0b0d6f0e0f92e91b8329a1b2bde7') in 0.005225 seconds 
========================================================================
Received Import Request.
  Time since last request: 0.739641 seconds.
  path: Assets/_MK/MKTextureChannelPacker/MK.MKTextureChannelPacker.asmdef
  artifactKey: Guid(09124970f5c2bfc41ba0f6a3856a32b5) Importer(815301076,1909f56bfc062723c751e8b465ee728b)
Start importing Assets/_MK/MKTextureChannelPacker/MK.MKTextureChannelPacker.asmdef using Guid(09124970f5c2bfc41ba0f6a3856a32b5) Importer(815301076,1909f56bfc062723c751e8b465ee728b)  -> (artifact id: 'd826b92b43e98107f6f7b2498340494f') in 0.006648 seconds 
========================================================================
Received Import Request.
  Time since last request: 0.517966 seconds.
  path: Assets/_MK/MKTextureChannelPacker/MKTextureChannelPacker.cs
  artifactKey: Guid(598f6898dde0f7f45a9a41fa36a520e4) Importer(815301076,1909f56bfc062723c751e8b465ee728b)
Start importing Assets/_MK/MKTextureChannelPacker/MKTextureChannelPacker.cs using Guid(598f6898dde0f7f45a9a41fa36a520e4) Importer(815301076,1909f56bfc062723c751e8b465ee728b)  -> (artifact id: '3b37d9eff943fe4790acaf892526a193') in 0.006387 seconds 
========================================================================
Received Prepare
Registering precompiled user dll's ...
Registered in 0.002411 seconds.
Begin MonoManager ReloadAssembly
Symbol file LoadedFromMemory doesn't match image D:\FILES\Projektek\StackinGame3D\Stacking3D\Library\PackageCache\com.unity.visualscripting@1.7.8\Editor\VisualScripting.Core\Dependencies\YamlDotNet\Unity.VisualScripting.YamlDotNet.dll
Symbol file LoadedFromMemory doesn't match image D:\FILES\Projektek\StackinGame3D\Stacking3D\Library\PackageCache\com.unity.visualscripting@1.7.8\Editor\VisualScripting.Core\Dependencies\DotNetZip\Unity.VisualScripting.IonicZip.dll
Native extension for WindowsStandalone target not found
Refreshing native plugins compatible for Editor in 0.67 ms, found 3 plugins.
Preloading 0 native plugins for Editor in 0.00 ms.
Mono: successfully reloaded assembly
- Completed reload, in  0.686 seconds
Domain Reload Profiling:
	ReloadAssembly (687ms)
		BeginReloadAssembly (96ms)
			ExecutionOrderSort (0ms)
			DisableScriptedObjects (4ms)
			BackupInstance (0ms)
			ReleaseScriptingObjects (0ms)
			CreateAndSetChildDomain (30ms)
		EndReloadAssembly (522ms)
			LoadAssemblies (58ms)
			RebuildTransferFunctionScriptingTraits (0ms)
			SetupTypeCache (152ms)
			ReleaseScriptCaches (1ms)
			RebuildScriptCaches (26ms)
			SetupLoadedEditorAssemblies (253ms)
				LogAssemblyErrors (0ms)
				InitializePlatformSupportModulesInManaged (8ms)
				SetLoadedEditorAssemblies (0ms)
				RefreshPlugins (1ms)
				BeforeProcessingInitializeOnLoad (49ms)
				ProcessInitializeOnLoadAttributes (172ms)
				ProcessInitializeOnLoadMethodAttributes (20ms)
				AfterProcessingInitializeOnLoad (2ms)
				EditorAssembliesLoaded (0ms)
			ExecutionOrderSort2 (0ms)
			AwakeInstancesAfterBackupRestoration (4ms)
Platform modules already initialized, skipping
Refreshing native plugins compatible for Editor in 1.86 ms, found 3 plugins.
Preloading 0 native plugins for Editor in 0.00 ms.
Unloading 3529 Unused Serialized files (Serialized files now loaded: 0)
Unloading 34 unused Assets / (55.5 KB). Loaded Objects now: 3984.
Memory consumption went from 124.9 MB to 124.9 MB.
Total: 2.836600 ms (FindLiveObjects: 0.219600 ms CreateObjectMapping: 0.079200 ms MarkObjects: 2.479000 ms  DeleteObjects: 0.057900 ms)

AssetImportParameters requested are different than current active one (requested -> active):
  custom:video-decoder-ogg-theora: a1e56fd34408186e4bbccfd4996cb3dc -> 
  custom:container-muxer-webm: aa71ff27fc2769a1b78a27578f13a17b -> 
  custom:container-demuxer-webm: 4f35f7cbe854078d1ac9338744f61a02 -> 
  custom:video-encoder-webm-vp8: eb34c28f22e8b96e1ab97ce403110664 -> 
  custom:video-codec-MediaFoundation-h265: 746d11721c4dcdbdad8f713fa42b33f4 -> 
  custom:audio-encoder-webm-vorbis: bf7c407c2cedff20999df2af8eb42d56 -> 
  custom:framework-win-MediaFoundation: 216162199b28c13a410421893ffa2e32 -> 
  custom:container-demuxer-ogg: 62fdf1f143b41e24485cea50d1cbac27 -> 
  custom:video-decoder-webm-vp8: 9c59270c3fd7afecdb556c50c9e8de78 -> 
  custom:audio-decoder-ogg-vorbis: bf7c407c2cedff20999df2af8eb42d56 -> 
========================================================================
Received Import Request.
  Time since last request: 118.116951 seconds.
  path: Assets/prefabs/FallOBJ.prefab
  artifactKey: Guid(355b148dffc58c54987ac0fb1560cfc6) Importer(815301076,1909f56bfc062723c751e8b465ee728b)
Start importing Assets/prefabs/FallOBJ.prefab using Guid(355b148dffc58c54987ac0fb1560cfc6) Importer(815301076,1909f56bfc062723c751e8b465ee728b)  -> (artifact id: '66f417331b84abcf46e88c57b9a2c551') in 0.053634 seconds 
========================================================================
Received Import Request.
  Time since last request: 32.828307 seconds.
  path: Assets/Materials/Teal.mat
  artifactKey: Guid(40f8d844247f78b409d3d59cb66d2e1a) Importer(815301076,1909f56bfc062723c751e8b465ee728b)
Start importing Assets/Materials/Teal.mat using Guid(40f8d844247f78b409d3d59cb66d2e1a) Importer(815301076,1909f56bfc062723c751e8b465ee728b)  -> (artifact id: '0326ce370aa8bc659709999919d0bcd7') in 0.035043 seconds 
========================================================================
Received Import Request.
  Time since last request: 9.125615 seconds.
  path: Assets/prefabs/FallOBJ.prefab
  artifactKey: Guid(355b148dffc58c54987ac0fb1560cfc6) Importer(815301076,1909f56bfc062723c751e8b465ee728b)
Start importing Assets/prefabs/FallOBJ.prefab using Guid(355b148dffc58c54987ac0fb1560cfc6) Importer(815301076,1909f56bfc062723c751e8b465ee728b)  -> (artifact id: '9756dbf370a8ca88100ee1452036e611') in 0.005389 seconds 
========================================================================
Received Import Request.
  Time since last request: 40.053384 seconds.
  path: Assets/prefabs/FallOBJ 1.prefab
  artifactKey: Guid(b2eedda1eb2d03944b48c17f7e88ee4d) Importer(815301076,1909f56bfc062723c751e8b465ee728b)
Start importing Assets/prefabs/FallOBJ 1.prefab using Guid(b2eedda1eb2d03944b48c17f7e88ee4d) Importer(815301076,1909f56bfc062723c751e8b465ee728b)  -> (artifact id: '4365ef28ff231dab54cd01de4ab6da6b') in 0.009845 seconds 
========================================================================
Received Import Request.
  Time since last request: 0.005900 seconds.
  path: Assets/prefabs/FallOBJ.prefab
  artifactKey: Guid(355b148dffc58c54987ac0fb1560cfc6) Importer(815301076,1909f56bfc062723c751e8b465ee728b)
Start importing Assets/prefabs/FallOBJ.prefab using Guid(355b148dffc58c54987ac0fb1560cfc6) Importer(815301076,1909f56bfc062723c751e8b465ee728b)  -> (artifact id: 'dbd89c6ccadf62e0d99ef17f9e1b3e5c') in 0.013674 seconds 
========================================================================
Received Import Request.
  Time since last request: 5.728806 seconds.
  path: Assets/prefabs/FallOBJ.prefab
  artifactKey: Guid(355b148dffc58c54987ac0fb1560cfc6) Importer(815301076,1909f56bfc062723c751e8b465ee728b)
Start importing Assets/prefabs/FallOBJ.prefab using Guid(355b148dffc58c54987ac0fb1560cfc6) Importer(815301076,1909f56bfc062723c751e8b465ee728b)  -> (artifact id: '452538ebe6767cf41c62b052b49824e3') in 0.004088 seconds 
========================================================================
Received Import Request.
  Time since last request: 8.820622 seconds.
  path: Assets/prefabs/FallOBJ.prefab
  artifactKey: Guid(355b148dffc58c54987ac0fb1560cfc6) Importer(815301076,1909f56bfc062723c751e8b465ee728b)
Start importing Assets/prefabs/FallOBJ.prefab using Guid(355b148dffc58c54987ac0fb1560cfc6) Importer(815301076,1909f56bfc062723c751e8b465ee728b)  -> (artifact id: '31163968b2a5e4dc684e96e89acde98a') in 0.008291 seconds 
